<?xml version="1.0" encoding="UTF-8"?>
<!-- Generated by org.testng.reporters.JUnitReportReporter -->
<testsuite hostname="sukeerthsahana" failures="0" tests="21" name="runner.TestRunner" time="709.813" errors="0" timestamp="2025-02-25T12:53:48 CST" skipped="0">
  <testcase classname="runner.TestRunner" name="runScenario" time="40.811"/>
  <system-out/>
  <testcase classname="runner.TestRunner" name="runScenario" time="30.070"/>
  <system-out/>
  <testcase classname="runner.TestRunner" name="runScenario" time="30.037"/>
  <system-out/>
  <testcase classname="runner.TestRunner" name="runScenario" time="40.645"/>
  <system-out/>
  <testcase classname="runner.TestRunner" name="runScenario" time="40.421"/>
  <system-out/>
  <testcase classname="runner.TestRunner" name="runScenario" time="29.949"/>
  <system-out/>
  <testcase classname="runner.TestRunner" name="runScenario" time="40.452"/>
  <system-out/>
  <testcase classname="runner.TestRunner" name="runScenario" time="20.958"/>
  <system-out/>
  <testcase classname="runner.TestRunner" name="runScenario" time="29.997"/>
  <system-out/>
  <testcase classname="runner.TestRunner" name="runScenario" time="29.820"/>
  <system-out/>
  <testcase classname="runner.TestRunner" name="runScenario" time="28.054"/>
  <system-out/>
  <testcase classname="runner.TestRunner" name="runScenario" time="40.423"/>
  <system-out/>
  <testcase classname="runner.TestRunner" name="runScenario" time="40.657"/>
  <system-out/>
  <testcase classname="runner.TestRunner" name="runScenario" time="22.171"/>
  <system-out/>
  <testcase classname="runner.TestRunner" name="runScenario" time="32.031"/>
  <system-out/>
  <testcase classname="runner.TestRunner" name="runScenario" time="40.654"/>
  <system-out/>
  <testcase classname="runner.TestRunner" name="runScenario" time="30.576"/>
  <system-out/>
  <testcase classname="runner.TestRunner" name="runScenario" time="28.802"/>
  <system-out/>
  <testcase classname="runner.TestRunner" name="runScenario" time="42.577"/>
  <system-out/>
  <testcase classname="runner.TestRunner" name="runScenario" time="39.768"/>
  <system-out/>
  <testcase classname="runner.TestRunner" name="runScenario" time="30.940"/>
  <system-out/>
</testsuite> <!-- runner.TestRunner -->
