<?xml version="1.0" encoding="UTF-8"?>
<!-- Generated by org.testng.reporters.JUnitReportReporter -->
<testsuite hostname="sukeerthsahana" failures="0" tests="1" name="runner.TestRunner" time="7.106" errors="0" timestamp="2025-02-24T22:13:44 CST" skipped="0">
  <testcase classname="runner.TestRunner" name="runScenario" time="7.106"/>
</testsuite> <!-- runner.TestRunner -->
