<?xml version="1.0" encoding="UTF-8"?>
<!-- Generated by org.testng.reporters.JUnitReportReporter -->
<testsuite hostname="SumathiLaptop" failures="0" tests="1" name="runner.TestRunner" time="4.220" errors="0" timestamp="2025-02-24T20:39:18 CST" skipped="0">
  <testcase classname="runner.TestRunner" name="runScenario" time="4.220"/>
</testsuite> <!-- runner.TestRunner -->
